<?xml version="1.0" encoding="UTF-8"?>
<!-- Generated by org.testng.reporters.JUnitReportReporter -->
<testsuite hostname="ShivRaj" failures="0" tests="4" name="api.testcases.UserTest" time="10.687" errors="0" timestamp="2024-10-20T16:41:38 IST" skipped="0">
  <testcase classname="api.testcases.UserTest" name="testCreateUser" time="5.235"/>
  <system-out/>
  <testcase classname="api.testcases.UserTest" name="testgetUser" time="1.353"/>
  <system-out/>
  <testcase classname="api.testcases.UserTest" name="testUpdateUser" time="2.777"/>
  <system-out/>
  <testcase classname="api.testcases.UserTest" name="testdeletUser" time="1.322"/>
  <system-out/>
</testsuite> <!-- api.testcases.UserTest -->
