<?xml version="1.0" encoding="UTF-8"?>
<!-- Generated by org.testng.reporters.JUnitReportReporter -->
<testsuite hostname="ShivRaj" failures="0" tests="12" name="api.testcases.UserTestTDD" time="15.066" errors="0" timestamp="2024-10-20T16:41:38 IST" skipped="0">
  <testcase classname="api.testcases.UserTestTDD" name="testCreateUser" time="1.321"/>
  <system-out/>
  <testcase classname="api.testcases.UserTestTDD" name="testCreateUser" time="1.163"/>
  <system-out/>
  <testcase classname="api.testcases.UserTestTDD" name="testCreateUser" time="1.233"/>
  <system-out/>
  <testcase classname="api.testcases.UserTestTDD" name="testCreateUser" time="1.220"/>
  <system-out/>
  <testcase classname="api.testcases.UserTestTDD" name="testGetUserData" time="1.055"/>
  <system-out/>
  <testcase classname="api.testcases.UserTestTDD" name="testGetUserData" time="1.343"/>
  <system-out/>
  <testcase classname="api.testcases.UserTestTDD" name="testGetUserData" time="1.123"/>
  <system-out/>
  <testcase classname="api.testcases.UserTestTDD" name="testGetUserData" time="1.248"/>
  <system-out/>
  <testcase classname="api.testcases.UserTestTDD" name="testDeleteUser" time="1.433"/>
  <system-out/>
  <testcase classname="api.testcases.UserTestTDD" name="testDeleteUser" time="1.258"/>
  <system-out/>
  <testcase classname="api.testcases.UserTestTDD" name="testDeleteUser" time="1.332"/>
  <system-out/>
  <testcase classname="api.testcases.UserTestTDD" name="testDeleteUser" time="1.337"/>
  <system-out/>
</testsuite> <!-- api.testcases.UserTestTDD -->
