<?xml version="1.0" encoding="UTF-8"?>
<!-- Generated by org.testng.reporters.JUnitReportReporter -->
<testsuite hostname="ShivRaj" failures="0" tests="4" name="api.testcases.UserTest2" time="7.489" errors="0" timestamp="2024-10-20T17:22:51 IST" skipped="0">
  <testcase classname="api.testcases.UserTest2" name="testCreateUser" time="3.034"/>
  <system-out/>
  <testcase classname="api.testcases.UserTest2" name="testGetUserData" time="1.179"/>
  <system-out/>
  <testcase classname="api.testcases.UserTest2" name="testUpdateUser" time="2.200"/>
  <system-out/>
  <testcase classname="api.testcases.UserTest2" name="testDeleteUser" time="1.076"/>
  <system-out/>
</testsuite> <!-- api.testcases.UserTest2 -->
