<?xml version="1.0" encoding="UTF-8"?>
<!-- Generated by org.testng.reporters.JUnitReportReporter -->
<testsuite hostname="ShivRaj" failures="0" tests="12" name="api.testcases.UserTestTDD" time="12.651" errors="0" timestamp="2024-10-20T17:47:26 IST" skipped="0">
  <testcase classname="api.testcases.UserTestTDD" name="testCreateUser" time="1.059"/>
  <system-out/>
  <testcase classname="api.testcases.UserTestTDD" name="testCreateUser" time="1.004"/>
  <system-out/>
  <testcase classname="api.testcases.UserTestTDD" name="testCreateUser" time="1.050"/>
  <system-out/>
  <testcase classname="api.testcases.UserTestTDD" name="testCreateUser" time="1.012"/>
  <system-out/>
  <testcase classname="api.testcases.UserTestTDD" name="testGetUserData" time="1.008"/>
  <system-out/>
  <testcase classname="api.testcases.UserTestTDD" name="testGetUserData" time="1.103"/>
  <system-out/>
  <testcase classname="api.testcases.UserTestTDD" name="testGetUserData" time="1.117"/>
  <system-out/>
  <testcase classname="api.testcases.UserTestTDD" name="testGetUserData" time="1.067"/>
  <system-out/>
  <testcase classname="api.testcases.UserTestTDD" name="testDeleteUser" time="1.026"/>
  <system-out/>
  <testcase classname="api.testcases.UserTestTDD" name="testDeleteUser" time="1.095"/>
  <system-out/>
  <testcase classname="api.testcases.UserTestTDD" name="testDeleteUser" time="1.063"/>
  <system-out/>
  <testcase classname="api.testcases.UserTestTDD" name="testDeleteUser" time="1.047"/>
  <system-out/>
</testsuite> <!-- api.testcases.UserTestTDD -->
