<?xml version="1.0" encoding="UTF-8"?>
<!-- Generated by org.testng.reporters.JUnitReportReporter -->
<testsuite hostname="ShivRaj" failures="0" tests="4" name="api.testcases.UserTest" time="6.968" errors="0" timestamp="2024-10-20T17:47:26 IST" skipped="0">
  <testcase classname="api.testcases.UserTest" name="testCreateUser" time="2.786"/>
  <system-out/>
  <testcase classname="api.testcases.UserTest" name="testgetUser" time="1.045"/>
  <system-out/>
  <testcase classname="api.testcases.UserTest" name="testUpdateUser" time="2.029"/>
  <system-out/>
  <testcase classname="api.testcases.UserTest" name="testdeletUser" time="1.108"/>
  <system-out/>
</testsuite> <!-- api.testcases.UserTest -->
